[0.117s] Invoking command in '/home/josef-reth/Workspaces/mydev_ws/src/odrive_diffbot/build/diffbot_description': CMAKE_PREFIX_PATH=/opt/ros/foxy /usr/bin/cmake /home/josef-reth/Workspaces/mydev_ws/src/odrive_diffbot/diffbot_description -DCMAKE_INSTALL_PREFIX=/home/josef-reth/Workspaces/mydev_ws/src/odrive_diffbot/install/diffbot_description
[0.588s] -- The C compiler identification is GNU 9.4.0
[0.967s] -- The CXX compiler identification is GNU 9.4.0
[0.990s] -- Check for working C compiler: /usr/bin/cc
[1.362s] -- Check for working C compiler: /usr/bin/cc -- works
[1.364s] -- Detecting C compiler ABI info
[1.638s] -- Detecting C compiler ABI info - done
[1.706s] -- Detecting C compile features
[1.707s] -- Detecting C compile features - done
[1.715s] -- Check for working CXX compiler: /usr/bin/c++
[1.968s] -- Check for working CXX compiler: /usr/bin/c++ -- works
[1.972s] -- Detecting CXX compiler ABI info
[2.394s] -- Detecting CXX compiler ABI info - done
[2.444s] -- Detecting CXX compile features
[2.454s] -- Detecting CXX compile features - done
[2.480s] -- Found ament_cmake: 0.9.11 (/opt/ros/foxy/share/ament_cmake/cmake)
[2.578s] -- Found PythonInterp: /usr/bin/python3 (found suitable version "3.8.10", minimum required is "3") 
[2.579s] -- Using PYTHON_EXECUTABLE: /usr/bin/python3
[4.122s] -- Found ament_lint_auto: 0.9.7 (/opt/ros/foxy/share/ament_lint_auto/cmake)
[4.764s] -- Added test 'copyright' to check source files copyright and LICENSE
[4.779s] -- Added test 'lint_cmake' to check CMake code style
[4.795s] -- Added test 'xmllint' to check XML markup files
[4.815s] -- Configuring done
[4.832s] -- Generating done
[4.851s] -- Build files have been written to: /home/josef-reth/Workspaces/mydev_ws/src/odrive_diffbot/build/diffbot_description
[4.905s] Invoked command in '/home/josef-reth/Workspaces/mydev_ws/src/odrive_diffbot/build/diffbot_description' returned '0': CMAKE_PREFIX_PATH=/opt/ros/foxy /usr/bin/cmake /home/josef-reth/Workspaces/mydev_ws/src/odrive_diffbot/diffbot_description -DCMAKE_INSTALL_PREFIX=/home/josef-reth/Workspaces/mydev_ws/src/odrive_diffbot/install/diffbot_description
[4.908s] Invoking command in '/home/josef-reth/Workspaces/mydev_ws/src/odrive_diffbot/build/diffbot_description': CMAKE_PREFIX_PATH=/opt/ros/foxy /usr/bin/cmake --build /home/josef-reth/Workspaces/mydev_ws/src/odrive_diffbot/build/diffbot_description -- -j4 -l4
[5.099s] Invoked command in '/home/josef-reth/Workspaces/mydev_ws/src/odrive_diffbot/build/diffbot_description' returned '0': CMAKE_PREFIX_PATH=/opt/ros/foxy /usr/bin/cmake --build /home/josef-reth/Workspaces/mydev_ws/src/odrive_diffbot/build/diffbot_description -- -j4 -l4
[5.292s] Invoking command in '/home/josef-reth/Workspaces/mydev_ws/src/odrive_diffbot/build/diffbot_description': CMAKE_PREFIX_PATH=/opt/ros/foxy /usr/bin/cmake --install /home/josef-reth/Workspaces/mydev_ws/src/odrive_diffbot/build/diffbot_description
[5.319s] -- Install configuration: ""
[5.319s] -- Installing: /home/josef-reth/Workspaces/mydev_ws/src/odrive_diffbot/install/diffbot_description/share/ament_index/resource_index/package_run_dependencies/diffbot_description
[5.319s] -- Installing: /home/josef-reth/Workspaces/mydev_ws/src/odrive_diffbot/install/diffbot_description/share/ament_index/resource_index/parent_prefix_path/diffbot_description
[5.319s] -- Installing: /home/josef-reth/Workspaces/mydev_ws/src/odrive_diffbot/install/diffbot_description/share/diffbot_description/environment/ament_prefix_path.sh
[5.320s] -- Installing: /home/josef-reth/Workspaces/mydev_ws/src/odrive_diffbot/install/diffbot_description/share/diffbot_description/environment/ament_prefix_path.dsv
[5.320s] -- Installing: /home/josef-reth/Workspaces/mydev_ws/src/odrive_diffbot/install/diffbot_description/share/diffbot_description/environment/path.sh
[5.320s] -- Installing: /home/josef-reth/Workspaces/mydev_ws/src/odrive_diffbot/install/diffbot_description/share/diffbot_description/environment/path.dsv
[5.321s] -- Installing: /home/josef-reth/Workspaces/mydev_ws/src/odrive_diffbot/install/diffbot_description/share/diffbot_description/local_setup.bash
[5.322s] -- Installing: /home/josef-reth/Workspaces/mydev_ws/src/odrive_diffbot/install/diffbot_description/share/diffbot_description/local_setup.sh
[5.323s] -- Installing: /home/josef-reth/Workspaces/mydev_ws/src/odrive_diffbot/install/diffbot_description/share/diffbot_description/local_setup.zsh
[5.331s] -- Installing: /home/josef-reth/Workspaces/mydev_ws/src/odrive_diffbot/install/diffbot_description/share/diffbot_description/local_setup.dsv
[5.335s] -- Installing: /home/josef-reth/Workspaces/mydev_ws/src/odrive_diffbot/install/diffbot_description/share/diffbot_description/package.dsv
[5.335s] -- Installing: /home/josef-reth/Workspaces/mydev_ws/src/odrive_diffbot/install/diffbot_description/share/ament_index/resource_index/packages/diffbot_description
[5.335s] -- Installing: /home/josef-reth/Workspaces/mydev_ws/src/odrive_diffbot/install/diffbot_description/share/diffbot_description/cmake/diffbot_descriptionConfig.cmake
[5.336s] -- Installing: /home/josef-reth/Workspaces/mydev_ws/src/odrive_diffbot/install/diffbot_description/share/diffbot_description/cmake/diffbot_descriptionConfig-version.cmake
[5.336s] -- Installing: /home/josef-reth/Workspaces/mydev_ws/src/odrive_diffbot/install/diffbot_description/share/diffbot_description/package.xml
[5.355s] Invoked command in '/home/josef-reth/Workspaces/mydev_ws/src/odrive_diffbot/build/diffbot_description' returned '0': CMAKE_PREFIX_PATH=/opt/ros/foxy /usr/bin/cmake --install /home/josef-reth/Workspaces/mydev_ws/src/odrive_diffbot/build/diffbot_description
