[0.110s] Invoking command in '/home/josef-reth/Workspaces/mydev_ws/src/odrive_diffbot/build/diffbot_ros2_control': CMAKE_PREFIX_PATH=/opt/ros/foxy /usr/bin/cmake /home/josef-reth/Workspaces/mydev_ws/src/odrive_diffbot/diffbot_ros2_control -DCMAKE_INSTALL_PREFIX=/home/josef-reth/Workspaces/mydev_ws/src/odrive_diffbot/install/diffbot_ros2_control
[0.505s] -- The C compiler identification is GNU 9.4.0
[0.911s] -- The CXX compiler identification is GNU 9.4.0
[0.935s] -- Check for working C compiler: /usr/bin/cc
[1.269s] -- Check for working C compiler: /usr/bin/cc -- works
[1.275s] -- Detecting C compiler ABI info
[1.546s] -- Detecting C compiler ABI info - done
[1.611s] -- Detecting C compile features
[1.611s] -- Detecting C compile features - done
[1.617s] -- Check for working CXX compiler: /usr/bin/c++
[1.893s] -- Check for working CXX compiler: /usr/bin/c++ -- works
[1.894s] -- Detecting CXX compiler ABI info
[2.198s] -- Detecting CXX compiler ABI info - done
[2.273s] -- Detecting CXX compile features
[2.274s] -- Detecting CXX compile features - done
[2.330s] -- Found ament_cmake: 0.9.11 (/opt/ros/foxy/share/ament_cmake/cmake)
[2.507s] -- Found PythonInterp: /usr/bin/python3 (found suitable version "3.8.10", minimum required is "3") 
[2.508s] -- Using PYTHON_EXECUTABLE: /usr/bin/python3
[4.135s] -- Found ament_lint_auto: 0.9.7 (/opt/ros/foxy/share/ament_lint_auto/cmake)
[4.794s] -- Added test 'copyright' to check source files copyright and LICENSE
[4.815s] -- Added test 'lint_cmake' to check CMake code style
[4.816s] -- Added test 'xmllint' to check XML markup files
[4.823s] -- Configuring done
[4.843s] -- Generating done
[4.844s] -- Build files have been written to: /home/josef-reth/Workspaces/mydev_ws/src/odrive_diffbot/build/diffbot_ros2_control
[4.869s] Invoked command in '/home/josef-reth/Workspaces/mydev_ws/src/odrive_diffbot/build/diffbot_ros2_control' returned '0': CMAKE_PREFIX_PATH=/opt/ros/foxy /usr/bin/cmake /home/josef-reth/Workspaces/mydev_ws/src/odrive_diffbot/diffbot_ros2_control -DCMAKE_INSTALL_PREFIX=/home/josef-reth/Workspaces/mydev_ws/src/odrive_diffbot/install/diffbot_ros2_control
[4.880s] Invoking command in '/home/josef-reth/Workspaces/mydev_ws/src/odrive_diffbot/build/diffbot_ros2_control': CMAKE_PREFIX_PATH=/opt/ros/foxy /usr/bin/cmake --build /home/josef-reth/Workspaces/mydev_ws/src/odrive_diffbot/build/diffbot_ros2_control -- -j4 -l4
[5.141s] Invoked command in '/home/josef-reth/Workspaces/mydev_ws/src/odrive_diffbot/build/diffbot_ros2_control' returned '0': CMAKE_PREFIX_PATH=/opt/ros/foxy /usr/bin/cmake --build /home/josef-reth/Workspaces/mydev_ws/src/odrive_diffbot/build/diffbot_ros2_control -- -j4 -l4
[5.276s] Invoking command in '/home/josef-reth/Workspaces/mydev_ws/src/odrive_diffbot/build/diffbot_ros2_control': CMAKE_PREFIX_PATH=/opt/ros/foxy /usr/bin/cmake --install /home/josef-reth/Workspaces/mydev_ws/src/odrive_diffbot/build/diffbot_ros2_control
[5.302s] -- Install configuration: ""
[5.302s] -- Installing: /home/josef-reth/Workspaces/mydev_ws/src/odrive_diffbot/install/diffbot_ros2_control/share/ament_index/resource_index/package_run_dependencies/diffbot_ros2_control
[5.302s] -- Installing: /home/josef-reth/Workspaces/mydev_ws/src/odrive_diffbot/install/diffbot_ros2_control/share/ament_index/resource_index/parent_prefix_path/diffbot_ros2_control
[5.303s] -- Installing: /home/josef-reth/Workspaces/mydev_ws/src/odrive_diffbot/install/diffbot_ros2_control/share/diffbot_ros2_control/environment/ament_prefix_path.sh
[5.307s] -- Installing: /home/josef-reth/Workspaces/mydev_ws/src/odrive_diffbot/install/diffbot_ros2_control/share/diffbot_ros2_control/environment/ament_prefix_path.dsv
[5.308s] -- Installing: /home/josef-reth/Workspaces/mydev_ws/src/odrive_diffbot/install/diffbot_ros2_control/share/diffbot_ros2_control/environment/path.sh
[5.308s] -- Installing: /home/josef-reth/Workspaces/mydev_ws/src/odrive_diffbot/install/diffbot_ros2_control/share/diffbot_ros2_control/environment/path.dsv
[5.309s] -- Installing: /home/josef-reth/Workspaces/mydev_ws/src/odrive_diffbot/install/diffbot_ros2_control/share/diffbot_ros2_control/local_setup.bash
[5.309s] -- Installing: /home/josef-reth/Workspaces/mydev_ws/src/odrive_diffbot/install/diffbot_ros2_control/share/diffbot_ros2_control/local_setup.sh
[5.310s] -- Installing: /home/josef-reth/Workspaces/mydev_ws/src/odrive_diffbot/install/diffbot_ros2_control/share/diffbot_ros2_control/local_setup.zsh
[5.310s] -- Installing: /home/josef-reth/Workspaces/mydev_ws/src/odrive_diffbot/install/diffbot_ros2_control/share/diffbot_ros2_control/local_setup.dsv
[5.311s] -- Installing: /home/josef-reth/Workspaces/mydev_ws/src/odrive_diffbot/install/diffbot_ros2_control/share/diffbot_ros2_control/package.dsv
[5.311s] -- Installing: /home/josef-reth/Workspaces/mydev_ws/src/odrive_diffbot/install/diffbot_ros2_control/share/ament_index/resource_index/packages/diffbot_ros2_control
[5.311s] -- Installing: /home/josef-reth/Workspaces/mydev_ws/src/odrive_diffbot/install/diffbot_ros2_control/share/diffbot_ros2_control/cmake/diffbot_ros2_controlConfig.cmake
[5.311s] -- Installing: /home/josef-reth/Workspaces/mydev_ws/src/odrive_diffbot/install/diffbot_ros2_control/share/diffbot_ros2_control/cmake/diffbot_ros2_controlConfig-version.cmake
[5.313s] -- Installing: /home/josef-reth/Workspaces/mydev_ws/src/odrive_diffbot/install/diffbot_ros2_control/share/diffbot_ros2_control/package.xml
[5.447s] Invoked command in '/home/josef-reth/Workspaces/mydev_ws/src/odrive_diffbot/build/diffbot_ros2_control' returned '0': CMAKE_PREFIX_PATH=/opt/ros/foxy /usr/bin/cmake --install /home/josef-reth/Workspaces/mydev_ws/src/odrive_diffbot/build/diffbot_ros2_control
